Using pre-set license
Built from '2020.2/staging' branch; Version is '2020.2.6f1 (8a2143876886) revision 9052483'; Using compiler version '192528614'; Build Type 'Release'
OS: 'Windows 10 Education; OS build 19042.631; Version 2009; 64bit' Language: 'en' Physical Memory: 8139 MB
BatchMode: 1, IsHumanControllingUs: 0, StartBugReporterOnCrash: 0, Is64bit: 1, IsPro: 0

 COMMAND LINE ARGUMENTS:
C:\Program Files\Unity\Hub\Editor\2020.2.6f1\Editor\Unity.exe
-adb2
-batchMode
-noUpm
-name
AssetImportWorker0
-projectPath
C:/Users/Nikky/Documents/GitHub/RetroFPS
-logFile
Logs/AssetImportWorker0.log
-srvPort
57162
Successfully changed project path to: C:/Users/Nikky/Documents/GitHub/RetroFPS
C:/Users/Nikky/Documents/GitHub/RetroFPS
Using Asset Import Pipeline V2.
Refreshing native plugins compatible for Editor in 56.73 ms, found 1 plugins.
Preloading 0 native plugins for Editor in 0.00 ms.
Initialize engine version: 2020.2.6f1 (8a2143876886)
[Subsystems] Discovering subsystems at path C:/Program Files/Unity/Hub/Editor/2020.2.6f1/Editor/Data/Resources/UnitySubsystems
[Subsystems] Discovering subsystems at path C:/Users/Nikky/Documents/GitHub/RetroFPS/Assets
GfxDevice: creating device client; threaded=0
Direct3D:
    Version:  Direct3D 11.0 [level 11.1]
    Renderer: Radeon RX 570 Series (ID=0x67df)
    Vendor:   
    VRAM:     4075 MB
    Driver:   27.20.14535.3005
Initialize mono
Mono path[0] = 'C:/Program Files/Unity/Hub/Editor/2020.2.6f1/Editor/Data/Managed'
Mono path[1] = 'C:/Program Files/Unity/Hub/Editor/2020.2.6f1/Editor/Data/MonoBleedingEdge/lib/mono/unityjit'
Mono config path = 'C:/Program Files/Unity/Hub/Editor/2020.2.6f1/Editor/Data/MonoBleedingEdge/etc'
Using monoOptions --debugger-agent=transport=dt_socket,embedding=1,server=y,suspend=n,address=127.0.0.1:56148
Begin MonoManager ReloadAssembly
Registering precompiled unity dll's ...
Register platform support module: C:/Program Files/Unity/Hub/Editor/2020.2.6f1/Editor/Data/PlaybackEngines/WebGLSupport/UnityEditor.WebGL.Extensions.dll
Register platform support module: C:/Program Files/Unity/Hub/Editor/2020.2.6f1/Editor/Data/PlaybackEngines/WindowsStandaloneSupport/UnityEditor.WindowsStandalone.Extensions.dll
Registered in 0.003259 seconds.
Native extension for WindowsStandalone target not found
Native extension for WebGL target not found
Refreshing native plugins compatible for Editor in 43.59 ms, found 1 plugins.
Preloading 0 native plugins for Editor in 0.00 ms.
Invoked RoslynAnalysisRunner static constructor.
RoslynAnalysisRunner will not be running.
RoslynAnalysisRunner has terminated.
Mono: successfully reloaded assembly
- Completed reload, in  5.835 seconds
Platform modules already initialized, skipping
Registering precompiled user dll's ...
Registered in 0.001112 seconds.
Begin MonoManager ReloadAssembly
Native extension for WindowsStandalone target not found
Native extension for WebGL target not found
Refreshing native plugins compatible for Editor in 44.91 ms, found 1 plugins.
Preloading 0 native plugins for Editor in 0.00 ms.
Invoked RoslynAnalysisRunner static constructor.
RoslynAnalysisRunner will not be running.
RoslynAnalysisRunner has terminated.
Mono: successfully reloaded assembly
- Completed reload, in  1.152 seconds
Platform modules already initialized, skipping
========================================================================
Worker process is ready to serve import requests
Launched and connected shader compiler UnityShaderCompiler.exe after 0.07 seconds
Refreshing native plugins compatible for Editor in 0.36 ms, found 1 plugins.
Preloading 0 native plugins for Editor in 0.00 ms.
Unloading 1837 Unused Serialized files (Serialized files now loaded: 0)
System memory in use before: 86.4 MB.
System memory in use after: 86.3 MB.

Unloading 24 unused Assets to reduce memory usage. Loaded Objects now: 2283.
Total: 2.121100 ms (FindLiveObjects: 0.291000 ms CreateObjectMapping: 0.066000 ms MarkObjects: 1.630600 ms  DeleteObjects: 0.132200 ms)

========================================================================
Received Import Request.
  path: Assets/Scripts
  artifactKey: Guid(677d97b17cc67524cbda4767a3e27ca4) Importer(815301076,1909f56bfc062723c751e8b465ee728b)
Start importing Assets/Scripts using Guid(677d97b17cc67524cbda4767a3e27ca4) Importer(815301076,1909f56bfc062723c751e8b465ee728b)  -> (artifact id: 'bb2fec037098bc7c4f5ec06b998a2ec2') in 0.010445 seconds
  Import took 0.014242 seconds .

========================================================================
Received Import Request.
  Time since last request: 0.000169 seconds.
  path: Assets/Scripts/ReloadScene.cs
  artifactKey: Guid(8e9f20688b6263243afd750444b42f27) Importer(815301076,1909f56bfc062723c751e8b465ee728b)
Start importing Assets/Scripts/ReloadScene.cs using Guid(8e9f20688b6263243afd750444b42f27) Importer(815301076,1909f56bfc062723c751e8b465ee728b)  -> (artifact id: 'e8b6b3f4a0dbb27d608965f460ff5dc0') in 0.082899 seconds
  Import took 0.085955 seconds .

========================================================================
Received Import Request.
  Time since last request: 0.000213 seconds.
  path: Assets/Character
  artifactKey: Guid(41f0ac8e4ad541444a27e6b03b911eaa) Importer(815301076,1909f56bfc062723c751e8b465ee728b)
Start importing Assets/Character using Guid(41f0ac8e4ad541444a27e6b03b911eaa) Importer(815301076,1909f56bfc062723c751e8b465ee728b)  -> (artifact id: '313bc5c84e1bcc0efb07acc8fc915bc5') in 0.006758 seconds
  Import took 0.009834 seconds .

========================================================================
Received Import Request.
  Time since last request: 93.793924 seconds.
  path: Assets/Scripts/EnemyController.cs
  artifactKey: Guid(57c26cce1943b6a43aae2bf5dd503e55) Importer(815301076,1909f56bfc062723c751e8b465ee728b)
Start importing Assets/Scripts/EnemyController.cs using Guid(57c26cce1943b6a43aae2bf5dd503e55) Importer(815301076,1909f56bfc062723c751e8b465ee728b)  -> (artifact id: '247aef10f6952ce05bdaf923d87273df') in 0.007324 seconds
  Import took 0.011541 seconds .

========================================================================
Received Import Request.
  Time since last request: 0.030879 seconds.
  path: Assets/Scripts/EnemyController.cs
  artifactKey: Guid(57c26cce1943b6a43aae2bf5dd503e55) Importer(815301076,1909f56bfc062723c751e8b465ee728b)
Start importing Assets/Scripts/EnemyController.cs using Guid(57c26cce1943b6a43aae2bf5dd503e55) Importer(815301076,1909f56bfc062723c751e8b465ee728b)  -> (artifact id: '247aef10f6952ce05bdaf923d87273df') in 0.003053 seconds
  Import took 0.006530 seconds .

========================================================================
Received Import Request.
  Time since last request: 0.705634 seconds.
  path: Assets/Scripts/DestroyOverTime.cs
  artifactKey: Guid(a720ebe931bb00049a12399e7f225511) Importer(815301076,1909f56bfc062723c751e8b465ee728b)
Start importing Assets/Scripts/DestroyOverTime.cs using Guid(a720ebe931bb00049a12399e7f225511) Importer(815301076,1909f56bfc062723c751e8b465ee728b)  -> (artifact id: '5413cc908fd34901559b9064d14363dc') in 0.008232 seconds
  Import took 0.011612 seconds .

========================================================================
Received Import Request.
  Time since last request: 0.635671 seconds.
  path: Assets/Scripts/BillBoard.cs
  artifactKey: Guid(c29c431b0af127146b5c2011b91f82fc) Importer(815301076,1909f56bfc062723c751e8b465ee728b)
Start importing Assets/Scripts/BillBoard.cs using Guid(c29c431b0af127146b5c2011b91f82fc) Importer(815301076,1909f56bfc062723c751e8b465ee728b)  -> (artifact id: 'cc2ae5d31425331aabbc9e4aece4542a') in 0.008561 seconds
  Import took 0.012043 seconds .

========================================================================
Received Import Request.
  Time since last request: 0.432602 seconds.
  path: Assets/Scripts/Ammo.cs
  artifactKey: Guid(499d895f715d43843bd0db5bddc65bd2) Importer(815301076,1909f56bfc062723c751e8b465ee728b)
Start importing Assets/Scripts/Ammo.cs using Guid(499d895f715d43843bd0db5bddc65bd2) Importer(815301076,1909f56bfc062723c751e8b465ee728b)  -> (artifact id: '3f10c5743d51c1ce5a0f58d7f888eebb') in 0.008180 seconds
  Import took 0.011626 seconds .

========================================================================
Received Import Request.
  Time since last request: 2.057023 seconds.
  path: Assets/Scripts/PlayerControler.cs
  artifactKey: Guid(d756eb2870bf6fb4e9052a2cec45f14a) Importer(815301076,1909f56bfc062723c751e8b465ee728b)
Start importing Assets/Scripts/PlayerControler.cs using Guid(d756eb2870bf6fb4e9052a2cec45f14a) Importer(815301076,1909f56bfc062723c751e8b465ee728b)  -> (artifact id: 'd1c7068a17dc5e36e3b6a24a2279fa7f') in 0.007814 seconds
  Import took 0.010805 seconds .

========================================================================
Received Import Request.
  Time since last request: 0.001766 seconds.
  path: Assets/Scripts/PlayerControler.cs
  artifactKey: Guid(d756eb2870bf6fb4e9052a2cec45f14a) Importer(815301076,1909f56bfc062723c751e8b465ee728b)
Start importing Assets/Scripts/PlayerControler.cs using Guid(d756eb2870bf6fb4e9052a2cec45f14a) Importer(815301076,1909f56bfc062723c751e8b465ee728b)  -> (artifact id: 'd1c7068a17dc5e36e3b6a24a2279fa7f') in 0.003858 seconds
  Import took 0.007193 seconds .

========================================================================
Received Prepare
Registering precompiled user dll's ...
Registered in 0.002779 seconds.
Begin MonoManager ReloadAssembly
Native extension for WindowsStandalone target not found
Native extension for WebGL target not found
Refreshing native plugins compatible for Editor in 0.37 ms, found 1 plugins.
Preloading 0 native plugins for Editor in 0.00 ms.
Invoked RoslynAnalysisRunner static constructor.
RoslynAnalysisRunner will not be running.
RoslynAnalysisRunner has terminated.
Mono: successfully reloaded assembly
- Completed reload, in  0.919 seconds
Platform modules already initialized, skipping
Refreshing native plugins compatible for Editor in 0.37 ms, found 1 plugins.
Preloading 0 native plugins for Editor in 0.00 ms.
Unloading 1831 Unused Serialized files (Serialized files now loaded: 0)
System memory in use before: 86.3 MB.
System memory in use after: 86.3 MB.

Unloading 12 unused Assets to reduce memory usage. Loaded Objects now: 2286.
Total: 2.651000 ms (FindLiveObjects: 0.247600 ms CreateObjectMapping: 0.046700 ms MarkObjects: 2.193200 ms  DeleteObjects: 0.161800 ms)

========================================================================
Received Import Request.
  Time since last request: 122.424949 seconds.
  path: Assets/Scripts/PlayerControler.cs
  artifactKey: Guid(d756eb2870bf6fb4e9052a2cec45f14a) Importer(815301076,1909f56bfc062723c751e8b465ee728b)
Start importing Assets/Scripts/PlayerControler.cs using Guid(d756eb2870bf6fb4e9052a2cec45f14a) Importer(815301076,1909f56bfc062723c751e8b465ee728b)  -> (artifact id: 'cf39e1838fea2bab6e6a3a6237d923d0') in 0.006186 seconds
  Import took 0.010436 seconds .

AssetImportWorkerClient::OnTransportError - code=2 error=End of file
